2024-10-17 22:13:33,243 [DEBUG]  Available web server routes: 
/conversations/<conversation_id:path>/messages     POST                           add_message
/conversations/<conversation_id:path>/tracker/events POST                           append_events
/webhooks/rasa                                     GET                            custom_webhook_RasaChatInput.health
/webhooks/rasa/webhook                             POST                           custom_webhook_RasaChatInput.receive
/webhooks/rest                                     GET                            custom_webhook_RestInput.health
/webhooks/rest/webhook                             POST                           custom_webhook_RestInput.receive
/model/test/intents                                POST                           evaluate_intents
/model/test/stories                                POST                           evaluate_stories
/conversations/<conversation_id:path>/execute      POST                           execute_action
/domain                                            GET                            get_domain
/                                                  GET                            hello
/model                                             PUT                            load_model
/model/parse                                       POST                           parse
/conversations/<conversation_id:path>/predict      POST                           predict
/conversations/<conversation_id:path>/tracker/events PUT                            replace_events
/conversations/<conversation_id:path>/story        GET                            retrieve_story
/conversations/<conversation_id:path>/tracker      GET                            retrieve_tracker
/status                                            GET                            status
/model/predict                                     POST                           tracker_predict
/model/train                                       POST                           train
/conversations/<conversation_id:path>/trigger_intent POST                           trigger_intent
/model                                             DELETE                         unload_model
/version                                           GET                            version
2024-10-17 22:13:33,248 [INFO ]  Starting Rasa server on http://0.0.0.0:5005
2024-10-17 22:13:33,248 [DEBUG]  Using the default number of Sanic workers (1).
2024-10-17 22:13:33,454 [DEBUG]  Skipping telemetry reporting: no license hash found.
2024-10-17 22:13:33,500 [DEBUG]  Connected to InMemoryTrackerStore.
2024-10-17 22:13:33,501 [DEBUG]  Connected to lock store 'InMemoryLockStore'.
2024-10-17 22:13:33,501 [DEBUG]  Instantiated NLG to 'TemplatedNaturalLanguageGenerator'.
2024-10-17 22:13:33,502 [INFO ]  Loading model models\20241017-220519-offline-block.tar.gz...
2024-10-17 22:13:33,613 [DEBUG]  Extracted model to 'C:\Users\Imper\AppData\Local\Temp\tmpfp7gs0io'.
2024-10-17 22:13:33,636 [DEBUG]  Node 'nlu_message_converter' loading 'NLUMessageConverter.load' and kwargs: '{}'.
2024-10-17 22:13:33,637 [DEBUG]  Node 'run_WhitespaceTokenizer0' loading 'WhitespaceTokenizer.load' and kwargs: '{}'.
2024-10-17 22:13:33,639 [DEBUG]  Node 'run_RegexFeaturizer1' loading 'RegexFeaturizer.load' and kwargs: '{}'.
2024-10-17 22:13:33,640 [DEBUG]  Resource 'train_RegexFeaturizer1' was requested for reading.
2024-10-17 22:13:33,641 [DEBUG]  Node 'run_LexicalSyntacticFeaturizer2' loading 'LexicalSyntacticFeaturizer.load' and kwargs: '{}'.
2024-10-17 22:13:33,642 [DEBUG]  Resource 'train_LexicalSyntacticFeaturizer2' was requested for reading.
2024-10-17 22:13:33,647 [DEBUG]  Node 'run_CountVectorsFeaturizer3' loading 'CountVectorsFeaturizer.load' and kwargs: '{}'.
2024-10-17 22:13:33,647 [DEBUG]  Resource 'train_CountVectorsFeaturizer3' was requested for reading.
2024-10-17 22:13:33,658 [DEBUG]  Node 'run_LanguageModelFeaturizer4' loading 'LanguageModelFeaturizer.load' and kwargs: '{}'.
2024-10-17 22:13:34,513 [DEBUG]  Loading Tokenizer and Model for bert
2024-10-17 22:13:34,516 [DEBUG]  Starting new HTTPS connection (1): huggingface.co:443
2024-10-17 22:13:34,767 [DEBUG]  https://huggingface.co:443 "HEAD /bert-base-cased/resolve/main/tokenizer_config.json HTTP/11" 200 0
2024-10-17 22:13:34,963 [DEBUG]  https://huggingface.co:443 "HEAD /bert-base-cased/resolve/main/config.json HTTP/11" 200 0
2024-10-17 22:13:37,868 [DEBUG]  Node 'run_DIETClassifier5' loading 'DIETClassifier.load' and kwargs: '{}'.
2024-10-17 22:13:37,870 [DEBUG]  Resource 'train_DIETClassifier5' was requested for reading.
2024-10-17 22:13:37,883 [DEBUG]  Loading the model from C:\Users\Imper\AppData\Local\Temp\tmpnb0eueai\train_DIETClassifier5\DIETClassifier.tf_model with finetune_mode=False...
2024-10-17 22:13:37,902 [DEBUG]  You specified 'DIET' to train entities, but no entities are present in the training data. Skipping training of entities.
2024-10-17 22:13:37,929 [DEBUG]  Following metrics will be logged during training: 
2024-10-17 22:13:37,929 [DEBUG]    t_loss (total loss)
2024-10-17 22:13:37,930 [DEBUG]    i_acc (intent acc)
2024-10-17 22:13:37,930 [DEBUG]    i_loss (intent loss)
2024-10-17 22:13:45,832 [DEBUG]  Finished loading the model.
2024-10-17 22:13:45,835 [DEBUG]  Node 'run_EntitySynonymMapper6' loading 'EntitySynonymMapper.load' and kwargs: '{}'.
2024-10-17 22:13:45,835 [DEBUG]  Resource 'train_EntitySynonymMapper6' was requested for reading.
2024-10-17 22:13:45,836 [DEBUG]  Failed to load ABCMeta from model storage. Resource 'train_EntitySynonymMapper6' doesn't exist.
2024-10-17 22:13:45,836 [DEBUG]  Node 'run_ResponseSelector7' loading 'ResponseSelector.load' and kwargs: '{}'.
2024-10-17 22:13:45,837 [DEBUG]  Resource 'train_ResponseSelector7' was requested for reading.
2024-10-17 22:13:45,837 [DEBUG]  Failed to load ABCMeta from model storage. Resource 'train_ResponseSelector7' doesn't exist.
2024-10-17 22:13:45,837 [DEBUG]  Resource 'train_ResponseSelector7' was requested for reading.
2024-10-17 22:13:45,838 [DEBUG]  Failed to load ResponseSelector from model storage. Resource 'train_ResponseSelector7' doesn't exist.
2024-10-17 22:13:45,838 [DEBUG]  Node 'run_RegexMessageHandler' loading 'RegexMessageHandler.load' and kwargs: '{}'.
2024-10-17 22:13:45,839 [DEBUG]  Node 'domain_provider' loading 'DomainProvider.load' and kwargs: '{}'.
2024-10-17 22:13:45,839 [DEBUG]  Resource 'domain_provider' was requested for reading.
2024-10-17 22:13:45,890 [DEBUG]  Node 'run_MemoizationPolicy0' loading 'MemoizationPolicy.load' and kwargs: '{}'.
2024-10-17 22:13:45,891 [DEBUG]  Resource 'train_MemoizationPolicy0' was requested for reading.
2024-10-17 22:13:45,896 [DEBUG]  Node 'run_RulePolicy1' loading 'RulePolicy.load' and kwargs: '{}'.
2024-10-17 22:13:45,897 [DEBUG]  Resource 'train_RulePolicy1' was requested for reading.
2024-10-17 22:13:45,916 [DEBUG]  Node 'run_TEDPolicy2' loading 'TEDPolicy.load' and kwargs: '{}'.
2024-10-17 22:13:45,917 [DEBUG]  Resource 'train_TEDPolicy2' was requested for reading.
2024-10-17 22:13:45,923 [DEBUG]  Loading the model from C:\Users\Imper\AppData\Local\Temp\tmpnb0eueai\train_TEDPolicy2\ted_policy.tf_model with finetune_mode=False...
2024-10-17 22:13:55,482 [DEBUG]  Finished loading the model.
2024-10-17 22:13:55,482 [DEBUG]  Node 'rule_only_data_provider' loading 'RuleOnlyDataProvider.load' and kwargs: '{}'.
2024-10-17 22:13:55,482 [DEBUG]  Resource 'train_RulePolicy1' was requested for reading.
2024-10-17 22:13:55,484 [DEBUG]  Node 'select_prediction' loading 'DefaultPolicyPredictionEnsemble.load' and kwargs: '{}'.
2024-10-17 22:13:55,497 [INFO ]  Rasa server is up and running.
2024-10-17 22:13:55,499 [INFO ]  Enabling coroutine debugging. Loop id 2398568846368.
2024-10-17 22:14:05,245 [DEBUG]  Issuing ticket for conversation 'shreyas'.
2024-10-17 22:14:05,246 [DEBUG]  Acquiring lock for conversation 'shreyas'.
2024-10-17 22:14:05,246 [DEBUG]  Acquired lock for conversation 'shreyas'.
2024-10-17 22:14:05,247 [DEBUG]  Could not find tracker for conversation ID 'shreyas'.
2024-10-17 22:14:05,248 [DEBUG]  No event broker configured. Skipping streaming events.
2024-10-17 22:14:05,249 [DEBUG]  Starting a new session for conversation ID 'shreyas'.
2024-10-17 22:14:05,256 [DEBUG]  [[32m[1mdebug    [0m] [1mprocessor.actions.policy_prediction[0m [36mprediction_events[0m=[35m[][0m
2024-10-17 22:14:05,257 [DEBUG]  [[32m[1mdebug    [0m] [1mprocessor.actions.log         [0m [36maction_name[0m=[35maction_session_start[0m [36mrasa_events[0m=[35m[<rasa.shared.core.events.SessionStarted object at 0x0000022E16DE0FD0>, ActionExecuted(action: action_listen, policy: None, confidence: None)][0m
2024-10-17 22:14:05,258 [DEBUG]  [[32m[1mdebug    [0m] [1mprocessor.slots.log           [0m [36mslot_values[0m=[35m	session_started_metadata: None[0m
2024-10-17 22:14:05,259 [DEBUG]  Running graph with inputs: {'__message__': [<rasa.core.channels.channel.UserMessage object at 0x0000022E16D0A0B0>], '__tracker__': <rasa.shared.core.trackers.DialogueStateTracker object at 0x0000022E16D0A2F0>}, targets: ['run_RegexMessageHandler'] and ExecutionContext(model_id='257847656cb84ee6bb6cbce05c4161c5', should_add_diagnostic_data=False, is_finetuning=False, node_name=None).
2024-10-17 22:14:05,261 [DEBUG]  Node 'nlu_message_converter' running 'NLUMessageConverter.convert_user_message'.
2024-10-17 22:14:05,262 [DEBUG]  Node 'run_WhitespaceTokenizer0' running 'WhitespaceTokenizer.process'.
2024-10-17 22:14:05,265 [DEBUG]  Node 'run_RegexFeaturizer1' running 'RegexFeaturizer.process'.
2024-10-17 22:14:05,266 [DEBUG]  Node 'run_LexicalSyntacticFeaturizer2' running 'LexicalSyntacticFeaturizer.process'.
2024-10-17 22:14:05,268 [DEBUG]  Node 'run_CountVectorsFeaturizer3' running 'CountVectorsFeaturizer.process'.
2024-10-17 22:14:05,271 [DEBUG]  Node 'run_LanguageModelFeaturizer4' running 'LanguageModelFeaturizer.process'.
2024-10-17 22:14:05,808 [DEBUG]  Node 'run_DIETClassifier5' running 'DIETClassifier.process'.
2024-10-17 22:14:06,088 [DEBUG]  Node 'run_EntitySynonymMapper6' running 'EntitySynonymMapper.process'.
2024-10-17 22:14:06,089 [DEBUG]  Node 'run_ResponseSelector7' running 'ResponseSelector.process'.
2024-10-17 22:14:06,090 [DEBUG]  There is no trained model for 'ResponseSelector': The component is either not trained or didn't receive enough training data.
2024-10-17 22:14:06,090 [DEBUG]  Adding following selector key to message property: default
2024-10-17 22:14:06,091 [DEBUG]  Node 'domain_provider' running 'DomainProvider.provide_inference'.
2024-10-17 22:14:06,092 [DEBUG]  Node 'run_RegexMessageHandler' running 'RegexMessageHandler.process'.
2024-10-17 22:14:06,093 [DEBUG]  [[32m[1mdebug    [0m] [1mprocessor.message.parse       [0m [36mparse_data_entities[0m=[35m[][0m [36mparse_data_intent[0m=[35m{'name': 'отказоустойчивость_микросервисов', 'confidence': 0.08506350219249725}[0m [36mparse_data_text[0m=[35mпривет[0m
2024-10-17 22:14:06,095 [DEBUG]  Logged UserUtterance - tracker now has 4 events.
2024-10-17 22:14:06,096 [DEBUG]  Validating extracted slots: 
2024-10-17 22:14:06,097 [DEBUG]  [[32m[1mdebug    [0m] [1mprocessor.extract.slots       [0m [36maction_extract_slot[0m=[35maction_extract_slots[0m [36mlen_extraction_events[0m=[35m0[0m [36mrasa_events[0m=[35m[][0m
2024-10-17 22:14:06,097 [DEBUG]  Running graph with inputs: {'__tracker__': <rasa.shared.core.trackers.DialogueStateTracker object at 0x0000022E16D0A2F0>}, targets: ['select_prediction'] and ExecutionContext(model_id='257847656cb84ee6bb6cbce05c4161c5', should_add_diagnostic_data=False, is_finetuning=False, node_name=None).
2024-10-17 22:14:06,098 [DEBUG]  Node 'rule_only_data_provider' running 'RuleOnlyDataProvider.provide'.
2024-10-17 22:14:06,099 [DEBUG]  Node 'domain_provider' running 'DomainProvider.provide_inference'.
2024-10-17 22:14:06,099 [DEBUG]  Node 'run_MemoizationPolicy0' running 'MemoizationPolicy.predict_action_probabilities'.
2024-10-17 22:14:06,099 [DEBUG]  [[32m[1mdebug    [0m] [1mmemoization.predict.actions   [0m [36mtracker_states[0m=[35m[{}, {'user': {'intent': 'отказоустойчивость_микросервисов'}, 'prev_action': {'action_name': 'action_listen'}}][0m
2024-10-17 22:14:06,101 [DEBUG]  There is a memorised next action 'utter_architectural_decisions'
2024-10-17 22:14:06,102 [DEBUG]  Node 'run_RulePolicy1' running 'RulePolicy.predict_action_probabilities'.
2024-10-17 22:14:06,103 [DEBUG]  [[32m[1mdebug    [0m] [1mrule_policy.actions.find      [0m [36mcurrent_states[0m=[35m
[state 1] user text: привет | previous action name: action_listen[0m
2024-10-17 22:14:06,105 [DEBUG]  There is no applicable rule.
2024-10-17 22:14:06,106 [DEBUG]  [[32m[1mdebug    [0m] [1mrule_policy.actions.find      [0m [36mcurrent_states[0m=[35m
[state 1] user intent: отказоустойчивость_микросервисов | previous action name: action_listen[0m
2024-10-17 22:14:06,107 [DEBUG]  There is a rule for the next action 'utter_architectural_decisions'.
2024-10-17 22:14:06,108 [DEBUG]  Node 'run_TEDPolicy2' running 'TEDPolicy.predict_action_probabilities'.
2024-10-17 22:14:06,119 [DEBUG]  TED predicted 'utter_fault_tolerance' based on user intent.
2024-10-17 22:14:06,120 [DEBUG]  Node 'select_prediction' running 'DefaultPolicyPredictionEnsemble.combine_predictions_from_kwargs'.
2024-10-17 22:14:06,121 [DEBUG]  Made prediction using user intent.
2024-10-17 22:14:06,121 [DEBUG]  Added `DefinePrevUserUtteredFeaturization(False)` event.
2024-10-17 22:14:06,122 [DEBUG]  Predicted next action using RulePolicy.
2024-10-17 22:14:06,123 [DEBUG]  Predicted next action 'utter_architectural_decisions' with confidence 1.00.
2024-10-17 22:14:06,124 [DEBUG]  [[32m[1mdebug    [0m] [1mprocessor.actions.policy_prediction[0m [36mprediction_events[0m=[35m[<rasa.shared.core.events.DefinePrevUserUtteredFeaturization object at 0x0000022E16DE0280>][0m
2024-10-17 22:14:06,126 [DEBUG]  [[32m[1mdebug    [0m] [1mprocessor.actions.log         [0m [36maction_name[0m=[35mutter_architectural_decisions[0m [36mrasa_events[0m=[35m[BotUttered('Принятие архитектурных решений должно основываться на анализе требований, рисков и стоимости реализации.', {"elements": null, "quick_replies": null, "buttons": null, "attachment": null, "image": null, "custom": null}, {"utter_action": "utter_architectural_decisions"}, 1729192446.1246262)][0m
2024-10-17 22:14:06,127 [DEBUG]  Running graph with inputs: {'__tracker__': <rasa.shared.core.trackers.DialogueStateTracker object at 0x0000022E16D0A2F0>}, targets: ['select_prediction'] and ExecutionContext(model_id='257847656cb84ee6bb6cbce05c4161c5', should_add_diagnostic_data=False, is_finetuning=False, node_name=None).
2024-10-17 22:14:06,129 [DEBUG]  Node 'rule_only_data_provider' running 'RuleOnlyDataProvider.provide'.
2024-10-17 22:14:06,130 [DEBUG]  Node 'domain_provider' running 'DomainProvider.provide_inference'.
2024-10-17 22:14:06,130 [DEBUG]  Node 'run_MemoizationPolicy0' running 'MemoizationPolicy.predict_action_probabilities'.
2024-10-17 22:14:06,132 [DEBUG]  [[32m[1mdebug    [0m] [1mmemoization.predict.actions   [0m [36mtracker_states[0m=[35m[{'user': {'intent': 'отказоустойчивость_микросервисов'}, 'prev_action': {'action_name': 'action_listen'}}, {'user': {'intent': 'отказоустойчивость_микросервисов'}, 'prev_action': {'action_name': 'utter_architectural_decisions'}}][0m
2024-10-17 22:14:06,133 [DEBUG]  There is a memorised next action 'action_listen'
2024-10-17 22:14:06,134 [DEBUG]  Node 'run_RulePolicy1' running 'RulePolicy.predict_action_probabilities'.
2024-10-17 22:14:06,135 [DEBUG]  [[32m[1mdebug    [0m] [1mrule_policy.actions.find      [0m [36mcurrent_states[0m=[35m
[state 1] user intent: отказоустойчивость_микросервисов | previous action name: action_listen
[state 2] user intent: отказоустойчивость_микросервисов | previous action name: utter_architectural_decisions[0m
2024-10-17 22:14:06,136 [DEBUG]  There is a rule for the next action 'action_listen'.
2024-10-17 22:14:06,136 [DEBUG]  Node 'run_TEDPolicy2' running 'TEDPolicy.predict_action_probabilities'.
2024-10-17 22:14:06,148 [DEBUG]  TED predicted 'utter_describe_architecture' based on user intent.
2024-10-17 22:14:06,150 [DEBUG]  Node 'select_prediction' running 'DefaultPolicyPredictionEnsemble.combine_predictions_from_kwargs'.
2024-10-17 22:14:06,150 [DEBUG]  Predicted next action using RulePolicy.
2024-10-17 22:14:06,152 [DEBUG]  Predicted next action 'action_listen' with confidence 1.00.
2024-10-17 22:14:06,154 [DEBUG]  [[32m[1mdebug    [0m] [1mprocessor.actions.policy_prediction[0m [36mprediction_events[0m=[35m[][0m
2024-10-17 22:14:06,155 [DEBUG]  [[32m[1mdebug    [0m] [1mprocessor.actions.log         [0m [36maction_name[0m=[35maction_listen[0m [36mrasa_events[0m=[35m[][0m
2024-10-17 22:14:06,155 [DEBUG]  No event broker configured. Skipping streaming events.
2024-10-17 22:14:06,156 [DEBUG]  Deleted lock for conversation 'shreyas'.
2024-10-17 22:14:08,244 [DEBUG]  Issuing ticket for conversation 'shreyas'.
2024-10-17 22:14:08,245 [DEBUG]  Acquiring lock for conversation 'shreyas'.
2024-10-17 22:14:08,245 [DEBUG]  Acquired lock for conversation 'shreyas'.
2024-10-17 22:14:08,245 [DEBUG]  Recreating tracker for id 'shreyas'
2024-10-17 22:14:08,248 [DEBUG]  Running graph with inputs: {'__message__': [<rasa.core.channels.channel.UserMessage object at 0x0000022E16D0AA10>], '__tracker__': <rasa.shared.core.trackers.DialogueStateTracker object at 0x0000022E16D0A920>}, targets: ['run_RegexMessageHandler'] and ExecutionContext(model_id='257847656cb84ee6bb6cbce05c4161c5', should_add_diagnostic_data=False, is_finetuning=False, node_name=None).
2024-10-17 22:14:08,249 [DEBUG]  Node 'nlu_message_converter' running 'NLUMessageConverter.convert_user_message'.
2024-10-17 22:14:08,249 [DEBUG]  Node 'run_WhitespaceTokenizer0' running 'WhitespaceTokenizer.process'.
2024-10-17 22:14:08,250 [DEBUG]  Node 'run_RegexFeaturizer1' running 'RegexFeaturizer.process'.
2024-10-17 22:14:08,250 [DEBUG]  Node 'run_LexicalSyntacticFeaturizer2' running 'LexicalSyntacticFeaturizer.process'.
2024-10-17 22:14:08,251 [DEBUG]  Node 'run_CountVectorsFeaturizer3' running 'CountVectorsFeaturizer.process'.
2024-10-17 22:14:08,252 [DEBUG]  Node 'run_LanguageModelFeaturizer4' running 'LanguageModelFeaturizer.process'.
2024-10-17 22:14:08,654 [DEBUG]  Node 'run_DIETClassifier5' running 'DIETClassifier.process'.
2024-10-17 22:14:08,661 [DEBUG]  Node 'run_EntitySynonymMapper6' running 'EntitySynonymMapper.process'.
2024-10-17 22:14:08,662 [DEBUG]  Node 'run_ResponseSelector7' running 'ResponseSelector.process'.
2024-10-17 22:14:08,663 [DEBUG]  There is no trained model for 'ResponseSelector': The component is either not trained or didn't receive enough training data.
2024-10-17 22:14:08,664 [DEBUG]  Adding following selector key to message property: default
2024-10-17 22:14:08,665 [DEBUG]  Node 'domain_provider' running 'DomainProvider.provide_inference'.
2024-10-17 22:14:08,666 [DEBUG]  Node 'run_RegexMessageHandler' running 'RegexMessageHandler.process'.
2024-10-17 22:14:08,667 [DEBUG]  [[32m[1mdebug    [0m] [1mprocessor.message.parse       [0m [36mparse_data_entities[0m=[35m[][0m [36mparse_data_intent[0m=[35m{'name': 'мониторинг_микросервисов', 'confidence': 0.0834127739071846}[0m [36mparse_data_text[0m=[35mспасибо[0m
2024-10-17 22:14:08,670 [DEBUG]  Logged UserUtterance - tracker now has 9 events.
2024-10-17 22:14:08,671 [DEBUG]  Validating extracted slots: 
2024-10-17 22:14:08,672 [DEBUG]  [[32m[1mdebug    [0m] [1mprocessor.extract.slots       [0m [36maction_extract_slot[0m=[35maction_extract_slots[0m [36mlen_extraction_events[0m=[35m0[0m [36mrasa_events[0m=[35m[][0m
2024-10-17 22:14:08,673 [DEBUG]  Running graph with inputs: {'__tracker__': <rasa.shared.core.trackers.DialogueStateTracker object at 0x0000022E16D0A920>}, targets: ['select_prediction'] and ExecutionContext(model_id='257847656cb84ee6bb6cbce05c4161c5', should_add_diagnostic_data=False, is_finetuning=False, node_name=None).
2024-10-17 22:14:08,674 [DEBUG]  Node 'rule_only_data_provider' running 'RuleOnlyDataProvider.provide'.
2024-10-17 22:14:08,675 [DEBUG]  Node 'domain_provider' running 'DomainProvider.provide_inference'.
2024-10-17 22:14:08,675 [DEBUG]  Node 'run_MemoizationPolicy0' running 'MemoizationPolicy.predict_action_probabilities'.
2024-10-17 22:14:08,676 [DEBUG]  [[32m[1mdebug    [0m] [1mmemoization.predict.actions   [0m [36mtracker_states[0m=[35m[{'user': {'intent': 'отказоустойчивость_микросервисов'}, 'prev_action': {'action_name': 'utter_architectural_decisions'}}, {'user': {'intent': 'мониторинг_микросервисов'}, 'prev_action': {'action_name': 'action_listen'}}][0m
2024-10-17 22:14:08,677 [DEBUG]  There is no memorised next action
2024-10-17 22:14:08,678 [DEBUG]  Node 'run_RulePolicy1' running 'RulePolicy.predict_action_probabilities'.
2024-10-17 22:14:08,678 [DEBUG]  [[32m[1mdebug    [0m] [1mrule_policy.actions.find      [0m [36mcurrent_states[0m=[35m
[state 1] user intent: отказоустойчивость_микросервисов | previous action name: action_listen
[state 2] user intent: отказоустойчивость_микросервисов | previous action name: utter_architectural_decisions
[state 3] user text: спасибо | previous action name: action_listen[0m
2024-10-17 22:14:08,679 [DEBUG]  There is no applicable rule.
2024-10-17 22:14:08,681 [DEBUG]  [[32m[1mdebug    [0m] [1mrule_policy.actions.find      [0m [36mcurrent_states[0m=[35m
[state 1] user intent: отказоустойчивость_микросервисов | previous action name: action_listen
[state 2] user intent: отказоустойчивость_микросервисов | previous action name: utter_architectural_decisions
[state 3] user intent: мониторинг_микросервисов | previous action name: action_listen[0m
2024-10-17 22:14:08,682 [DEBUG]  There is a rule for the next action 'utter_devops'.
2024-10-17 22:14:08,684 [DEBUG]  Node 'run_TEDPolicy2' running 'TEDPolicy.predict_action_probabilities'.
2024-10-17 22:14:08,690 [DEBUG]  TED predicted 'utter_fault_tolerance' based on user intent.
2024-10-17 22:14:08,691 [DEBUG]  Node 'select_prediction' running 'DefaultPolicyPredictionEnsemble.combine_predictions_from_kwargs'.
2024-10-17 22:14:08,692 [DEBUG]  Made prediction using user intent.
2024-10-17 22:14:08,692 [DEBUG]  Added `DefinePrevUserUtteredFeaturization(False)` event.
2024-10-17 22:14:08,693 [DEBUG]  Predicted next action using RulePolicy.
2024-10-17 22:14:08,694 [DEBUG]  Predicted next action 'utter_devops' with confidence 1.00.
2024-10-17 22:14:08,695 [DEBUG]  [[32m[1mdebug    [0m] [1mprocessor.actions.policy_prediction[0m [36mprediction_events[0m=[35m[<rasa.shared.core.events.DefinePrevUserUtteredFeaturization object at 0x0000022E16DE1000>][0m
2024-10-17 22:14:08,697 [DEBUG]  [[32m[1mdebug    [0m] [1mprocessor.actions.log         [0m [36maction_name[0m=[35mutter_devops[0m [36mrasa_events[0m=[35m[BotUttered('DevOps помогает автоматизировать процессы разработки и развертывания через CI/CD.', {"elements": null, "quick_replies": null, "buttons": null, "attachment": null, "image": null, "custom": null}, {"utter_action": "utter_devops"}, 1729192448.695209)][0m
2024-10-17 22:14:08,698 [DEBUG]  Running graph with inputs: {'__tracker__': <rasa.shared.core.trackers.DialogueStateTracker object at 0x0000022E16D0A920>}, targets: ['select_prediction'] and ExecutionContext(model_id='257847656cb84ee6bb6cbce05c4161c5', should_add_diagnostic_data=False, is_finetuning=False, node_name=None).
2024-10-17 22:14:08,700 [DEBUG]  Node 'rule_only_data_provider' running 'RuleOnlyDataProvider.provide'.
2024-10-17 22:14:08,701 [DEBUG]  Node 'domain_provider' running 'DomainProvider.provide_inference'.
2024-10-17 22:14:08,701 [DEBUG]  Node 'run_MemoizationPolicy0' running 'MemoizationPolicy.predict_action_probabilities'.
2024-10-17 22:14:08,702 [DEBUG]  [[32m[1mdebug    [0m] [1mmemoization.predict.actions   [0m [36mtracker_states[0m=[35m[{'user': {'intent': 'мониторинг_микросервисов'}, 'prev_action': {'action_name': 'action_listen'}}, {'user': {'intent': 'мониторинг_микросервисов'}, 'prev_action': {'action_name': 'utter_devops'}}][0m
2024-10-17 22:14:08,704 [DEBUG]  There is a memorised next action 'action_listen'
2024-10-17 22:14:08,705 [DEBUG]  Node 'run_RulePolicy1' running 'RulePolicy.predict_action_probabilities'.
2024-10-17 22:14:08,705 [DEBUG]  [[32m[1mdebug    [0m] [1mrule_policy.actions.find      [0m [36mcurrent_states[0m=[35m
[state 1] user intent: отказоустойчивость_микросервисов | previous action name: action_listen
[state 2] user intent: отказоустойчивость_микросервисов | previous action name: utter_architectural_decisions
[state 3] user intent: мониторинг_микросервисов | previous action name: action_listen
[state 4] user intent: мониторинг_микросервисов | previous action name: utter_devops[0m
2024-10-17 22:14:08,706 [DEBUG]  There is a rule for the next action 'action_listen'.
2024-10-17 22:14:08,707 [DEBUG]  Node 'run_TEDPolicy2' running 'TEDPolicy.predict_action_probabilities'.
2024-10-17 22:14:08,713 [DEBUG]  TED predicted 'utter_describe_architecture' based on user intent.
2024-10-17 22:14:08,714 [DEBUG]  Node 'select_prediction' running 'DefaultPolicyPredictionEnsemble.combine_predictions_from_kwargs'.
2024-10-17 22:14:08,715 [DEBUG]  Predicted next action using RulePolicy.
2024-10-17 22:14:08,716 [DEBUG]  Predicted next action 'action_listen' with confidence 1.00.
2024-10-17 22:14:08,718 [DEBUG]  [[32m[1mdebug    [0m] [1mprocessor.actions.policy_prediction[0m [36mprediction_events[0m=[35m[][0m
2024-10-17 22:14:08,719 [DEBUG]  [[32m[1mdebug    [0m] [1mprocessor.actions.log         [0m [36maction_name[0m=[35maction_listen[0m [36mrasa_events[0m=[35m[][0m
2024-10-17 22:14:08,720 [DEBUG]  No event broker configured. Skipping streaming events.
2024-10-17 22:14:08,721 [DEBUG]  Deleted lock for conversation 'shreyas'.
